<?xml version="1.0" encoding="UTF-8"?>
<!-- Generated by org.testng.reporters.JUnitReportReporter -->
<testsuite hostname="DESKTOP-33QGJF8" failures="0" tests="3" name="tests.LoginTest" time="39.374" errors="0" timestamp="2022-09-18T05:18:32 GMT-04:00" skipped="0">
  <testcase classname="tests.LoginTest" name="loginWithWrongEmailPasswordTest" time="12.984"/>
  <testcase classname="tests.LoginTest" name="loginWithEmptyEmailTest" time="13.652"/>
  <testcase classname="tests.LoginTest" name="loginWithEmptyPasswordTest" time="12.738"/>
</testsuite> <!-- tests.LoginTest -->
