<?xml version="1.0" encoding="UTF-8"?>
<!-- Generated by org.testng.reporters.JUnitReportReporter -->
<testsuite hostname="DESKTOP-33QGJF8" failures="0" tests="3" name="tests.LoginTestNike" time="48.835" errors="0" timestamp="2022-09-20T01:08:51 GMT-04:00" skipped="0">
  <testcase classname="tests.LoginTestNike" name="loginwithwrongemailpassword" time="16.687"/>
  <testcase classname="tests.LoginTestNike" name="loginwithoutpassword" time="16.336"/>
  <testcase classname="tests.LoginTestNike" name="loginwithoutemail" time="15.812"/>
</testsuite> <!-- tests.LoginTestNike -->
