<?xml version="1.0" encoding="UTF-8"?>
<!-- Generated by org.testng.reporters.JUnitReportReporter -->
<testsuite hostname="DESKTOP-33QGJF8" failures="0" tests="1" name="tests.LogintestHandM" time="88.972" errors="0" timestamp="2022-09-17T00:26:52 GMT-04:00" skipped="0">
  <testcase classname="tests.LogintestHandM" name="loginwithoutemail" time="88.972"/>
</testsuite> <!-- tests.LogintestHandM -->
